{
  "stats": {
    "suites": 2,
    "tests": 1,
    "passes": 1,
    "pending": 0,
    "failures": 0,
    "start": "2022-09-23T23:33:58.019Z",
    "end": "2022-09-23T23:34:09.097Z",
    "duration": 11078,
    "testsRegistered": 1,
    "passPercent": 100,
    "pendingPercent": 0,
    "other": 0,
    "hasOther": false,
    "skipped": 0,
    "hasSkipped": false
  },
  "results": [
    {
      "uuid": "156a58d1-ac1d-45c7-9ea9-f47edd1b077c",
      "title": "",
      "fullFile": "cypress\\e2e\\GUI\\SignUp\\validar_portal_comercio_online_submarino.js",
      "file": "cypress\\e2e\\GUI\\SignUp\\validar_portal_comercio_online_submarino.js",
      "beforeHooks": [],
      "afterHooks": [],
      "tests": [],
      "suites": [
        {
          "uuid": "3c33b9df-6093-46c3-8d33-2821aa384bad",
          "title": "Validar portal de comercio online Submarino",
          "fullFile": "",
          "file": "",
          "beforeHooks": [],
          "afterHooks": [],
          "tests": [],
          "suites": [
            {
              "uuid": "e5266fe8-62db-4b99-8bc2-3e619705c2b5",
              "title": "Cenario: Validar portal de comercio online Submarino",
              "fullFile": "",
              "file": "",
              "beforeHooks": [],
              "afterHooks": [],
              "tests": [
                {
                  "title": "Dado que esteja no site da Submarino e acesse a busca",
                  "fullTitle": "Validar portal de comercio online Submarino Cenario: Validar portal de comercio online Submarino Dado que esteja no site da Submarino e acesse a busca",
                  "timedOut": null,
                  "duration": 6894,
                  "state": "passed",
                  "speed": "medium",
                  "pass": true,
                  "fail": false,
                  "pending": false,
                  "context": "\"../screenshots/validar_portal_comercio_online_submarino.js/Cenario: Validar portal de comercio online Submarino -- Dado que esteja no site da Submarino e acesse a busca -- after each hook.png\"",
                  "code": "cy.log(firstName);\ncy.log(lastName);\ncy.log(address);\ncy.log(city);\ncy.log(telephone);\ncy.log(buscaItem);\nhomePage.realizarBuscaItem(buscaItem);",
                  "err": {},
                  "uuid": "3470a2fa-62ef-419d-bd5f-93be746a79ae",
                  "parentUUID": "e5266fe8-62db-4b99-8bc2-3e619705c2b5",
                  "isHook": false,
                  "skipped": false
                }
              ],
              "suites": [],
              "passes": [
                "3470a2fa-62ef-419d-bd5f-93be746a79ae"
              ],
              "failures": [],
              "pending": [],
              "skipped": [],
              "duration": 6894,
              "root": false,
              "rootEmpty": false,
              "_timeout": 2000
            }
          ],
          "passes": [],
          "failures": [],
          "pending": [],
          "skipped": [],
          "duration": 0,
          "root": false,
          "rootEmpty": false,
          "_timeout": 2000
        }
      ],
      "passes": [],
      "failures": [],
      "pending": [],
      "skipped": [],
      "duration": 0,
      "root": true,
      "rootEmpty": true,
      "_timeout": 2000
    }
  ],
  "meta": {
    "mocha": {
      "version": "7.0.1"
    },
    "mochawesome": {
      "options": {
        "quiet": false,
        "reportFilename": "mochawesome",
        "saveHtml": true,
        "saveJson": true,
        "consoleReporter": "spec",
        "useInlineDiffs": false,
        "code": true
      },
      "version": "7.1.3"
    },
    "marge": {
      "options": {
        "id": "default"
      },
      "version": "6.2.0"
    }
  }
}